    1  ifconfig -a
    2  git clone https://github.com/tomminux/nginx-workshop-udf-blueprint.git
    3  cd nginx-workshop-udf-blueprint/
    4  bash ./init-scripts/linux-jumphost.sh
    5  ll
    6  ping registry
    7  ping registry.f5-udf.com
    8  cat /etc/resolv.conf
    9  rm rf nginx-workshop-udf-blueprint/
   10  rm -rf nginx-workshop-udf-blueprint/
   11  git clone https://github.com/tomminux/nginx-workshop-udf-blueprint.git
   12  cd nginx-workshop-udf-blueprint/
   13  bash init-scripts/linux-server-postReboot.sh
   14  ping registry
   15  sudo apt install xrdp
   16  systemctl status xrdp
   17  sudo passwd ubuntu
   18  sudo adduser xrdp ssl-cert
   19  cd /etc/
   20  cd xrdp/
   21  ll
   22  cta startwm.sh
   23  cat startwm.sh
   24  cat /etc/X11/Xsession
   25  ll
   26  cat startwm.sh
   27  sudo systemctl restart xrdp
   28  sudo systemctl status xrdp
   29  sudo tail -f /var/log/xrdp.log
   30  sudo tail -f /var/log/xrdp-sesman.log
   31  sudo tail -f /var/log/xrdp.log
   32  cd
   33  echo xfce-session ~/.xsession
   34  echo xfce-session > ~/.xsession
   35  sudo reboot
   36  sudo systemctl enable xrdp
   37  sudo systemctl status xrdp
   38  sudo passwd ubuntu
   39  sudo vim /etc/xrdp/startwm.sh
   40  sudo systemctl restart xrdp
   41  sudo cp /etc/xrdp/startwm.sh /etc/xrdp/startwm.sh
   42  sudo cp /etc/xrdp/startwm.sh /etc/xrdp/startwm.sh-back
   43  sudo vim /etc/xrdp/startwm.sh
   44  sudo dpkg -l | grep xfce
   45  sudo systemctl restart xrdp
   46  history
